[0517/145145.393:ERROR:process_info.cc(329)] VirtualQueryEx: Access is denied. (0x5)
[0517/145145.394:ERROR:process_info.cc(550)] ReadMemoryInfo failed
[0517/145145.394:ERROR:scoped_process_suspend.cc(40)] NtResumeProcess: An attempt was made to access an exiting process. (0xc000010a)
[1107/231650.276:ERROR:process_info.cc(329)] VirtualQueryEx: Access is denied. (0x5)
[1107/231650.277:ERROR:process_info.cc(556)] ReadMemoryInfo failed
[1107/231650.277:ERROR:scoped_process_suspend.cc(40)] NtResumeProcess: An attempt was made to access an exiting process. (0xc000010a)
[1110/191021.186:ERROR:process_info.cc(329)] VirtualQueryEx: Access is denied. (0x5)
[1110/191021.187:ERROR:process_info.cc(556)] ReadMemoryInfo failed
[1110/191021.187:ERROR:process_memory_win.cc(39)] Failed to initialize ProcessInfo.
[1110/191021.191:ERROR:scoped_process_suspend.cc(40)] NtResumeProcess: An attempt was made to access an exiting process. (0xc000010a)
[1013/023100.688:ERROR:directory_reader_win.cc(43)] FindFirstFile: The system cannot find the path specified. (0x3)
[1105/065436.463:ERROR:process_reader_win.cc(123)] NtOpenThread: {Access Denied} A process has requested access to an object, but has not been granted those access rights. (0xc0000022)
[1105/065436.463:ERROR:exception_snapshot_win.cc(99)] thread ID 23028 not found in process
[1105/065436.475:ERROR:process_reader_win.cc(123)] NtOpenThread: {Access Denied} A process has requested access to an object, but has not been granted those access rights. (0xc0000022)
[1105/065436.475:ERROR:exception_snapshot_win.cc(99)] thread ID 23400 not found in process
[1105/201346.178:ERROR:directory_reader_win.cc(43)] FindFirstFile: The system cannot find the path specified. (0x3)
[1105/201427.189:ERROR:process_reader_win.cc(123)] NtOpenThread: {Access Denied} A process has requested access to an object, but has not been granted those access rights. (0xc0000022)
[1105/201427.190:ERROR:exception_snapshot_win.cc(99)] thread ID 23732 not found in process
[1105/201427.216:ERROR:process_reader_win.cc(123)] NtOpenThread: {Access Denied} A process has requested access to an object, but has not been granted those access rights. (0xc0000022)
[1105/201427.216:ERROR:exception_snapshot_win.cc(99)] thread ID 14748 not found in process
[1119/063956.402:ERROR:directory_reader_win.cc(43)] FindFirstFile: The system cannot find the path specified. (0x3)
[1119/070335.084:ERROR:process_reader_win.cc(123)] NtOpenThread: {Access Denied} A process has requested access to an object, but has not been granted those access rights. (0xc0000022)
[1119/070335.085:ERROR:exception_snapshot_win.cc(99)] thread ID 10260 not found in process
[1119/070335.109:ERROR:process_reader_win.cc(123)] NtOpenThread: {Access Denied} A process has requested access to an object, but has not been granted those access rights. (0xc0000022)
[1119/070335.109:ERROR:exception_snapshot_win.cc(99)] thread ID 19064 not found in process
[1119/070733.675:ERROR:process_reader_win.cc(123)] NtOpenThread: {Access Denied} A process has requested access to an object, but has not been granted those access rights. (0xc0000022)
[1119/070733.675:ERROR:exception_snapshot_win.cc(99)] thread ID 20188 not found in process
[1119/070733.704:ERROR:process_reader_win.cc(123)] NtOpenThread: {Access Denied} A process has requested access to an object, but has not been granted those access rights. (0xc0000022)
[1119/070733.704:ERROR:exception_snapshot_win.cc(99)] thread ID 8852 not found in process
[1119/072029.777:ERROR:process_reader_win.cc(123)] NtOpenThread: {Access Denied} A process has requested access to an object, but has not been granted those access rights. (0xc0000022)
[1119/072029.778:ERROR:exception_snapshot_win.cc(99)] thread ID 6752 not found in process
[1119/072029.797:ERROR:process_reader_win.cc(123)] NtOpenThread: {Access Denied} A process has requested access to an object, but has not been granted those access rights. (0xc0000022)
[1119/072029.797:ERROR:exception_snapshot_win.cc(99)] thread ID 21360 not found in process
[1119/073656.373:ERROR:process_reader_win.cc(123)] NtOpenThread: {Access Denied} A process has requested access to an object, but has not been granted those access rights. (0xc0000022)
[1119/073656.374:ERROR:exception_snapshot_win.cc(99)] thread ID 19324 not found in process
[1119/073656.393:ERROR:process_reader_win.cc(123)] NtOpenThread: {Access Denied} A process has requested access to an object, but has not been granted those access rights. (0xc0000022)
[1119/073656.394:ERROR:exception_snapshot_win.cc(99)] thread ID 22136 not found in process
[1119/074442.661:ERROR:process_reader_win.cc(123)] NtOpenThread: {Access Denied} A process has requested access to an object, but has not been granted those access rights. (0xc0000022)
[1119/074442.662:ERROR:exception_snapshot_win.cc(99)] thread ID 20252 not found in process
[1119/074442.685:ERROR:process_reader_win.cc(123)] NtOpenThread: {Access Denied} A process has requested access to an object, but has not been granted those access rights. (0xc0000022)
[1119/074442.685:ERROR:exception_snapshot_win.cc(99)] thread ID 884 not found in process
[1119/074613.670:ERROR:process_reader_win.cc(123)] NtOpenThread: {Access Denied} A process has requested access to an object, but has not been granted those access rights. (0xc0000022)
[1119/074613.671:ERROR:exception_snapshot_win.cc(99)] thread ID 1612 not found in process
[1119/074613.672:ERROR:process_reader_win.cc(123)] NtOpenThread: {Access Denied} A process has requested access to an object, but has not been granted those access rights. (0xc0000022)
[1119/074613.673:ERROR:exception_snapshot_win.cc(99)] thread ID 19136 not found in process
[1119/074613.691:ERROR:process_reader_win.cc(123)] NtOpenThread: {Access Denied} A process has requested access to an object, but has not been granted those access rights. (0xc0000022)
[1119/074613.692:ERROR:exception_snapshot_win.cc(99)] thread ID 6664 not found in process
[1119/075250.609:ERROR:process_reader_win.cc(123)] NtOpenThread: {Access Denied} A process has requested access to an object, but has not been granted those access rights. (0xc0000022)
[1119/075250.609:ERROR:exception_snapshot_win.cc(99)] thread ID 3360 not found in process
[1119/075250.634:ERROR:process_reader_win.cc(123)] NtOpenThread: {Access Denied} A process has requested access to an object, but has not been granted those access rights. (0xc0000022)
[1119/075250.634:ERROR:exception_snapshot_win.cc(99)] thread ID 8300 not found in process
[1119/080108.556:ERROR:process_reader_win.cc(123)] NtOpenThread: {Access Denied} A process has requested access to an object, but has not been granted those access rights. (0xc0000022)
[1119/080108.556:ERROR:exception_snapshot_win.cc(99)] thread ID 20892 not found in process
[1119/080108.573:ERROR:process_reader_win.cc(123)] NtOpenThread: {Access Denied} A process has requested access to an object, but has not been granted those access rights. (0xc0000022)
[1119/080108.573:ERROR:exception_snapshot_win.cc(99)] thread ID 21592 not found in process
[1119/080327.440:ERROR:process_reader_win.cc(123)] NtOpenThread: {Access Denied} A process has requested access to an object, but has not been granted those access rights. (0xc0000022)
[1119/080327.441:ERROR:exception_snapshot_win.cc(99)] thread ID 18804 not found in process
[1119/080327.455:ERROR:process_reader_win.cc(123)] NtOpenThread: {Access Denied} A process has requested access to an object, but has not been granted those access rights. (0xc0000022)
[1119/080327.455:ERROR:exception_snapshot_win.cc(99)] thread ID 22092 not found in process
[1119/080755.671:ERROR:process_reader_win.cc(123)] NtOpenThread: {Access Denied} A process has requested access to an object, but has not been granted those access rights. (0xc0000022)
[1119/080755.671:ERROR:exception_snapshot_win.cc(99)] thread ID 15500 not found in process
[1119/080755.696:ERROR:process_reader_win.cc(123)] NtOpenThread: {Access Denied} A process has requested access to an object, but has not been granted those access rights. (0xc0000022)
[1119/080755.696:ERROR:exception_snapshot_win.cc(99)] thread ID 6136 not found in process
[1119/081152.381:ERROR:process_reader_win.cc(123)] NtOpenThread: {Access Denied} A process has requested access to an object, but has not been granted those access rights. (0xc0000022)
[1119/081152.382:ERROR:exception_snapshot_win.cc(99)] thread ID 9308 not found in process
[1119/081152.397:ERROR:process_reader_win.cc(123)] NtOpenThread: {Access Denied} A process has requested access to an object, but has not been granted those access rights. (0xc0000022)
[1119/081152.398:ERROR:exception_snapshot_win.cc(99)] thread ID 20504 not found in process
[1119/081803.999:ERROR:process_reader_win.cc(123)] NtOpenThread: {Access Denied} A process has requested access to an object, but has not been granted those access rights. (0xc0000022)
[1119/081804.000:ERROR:exception_snapshot_win.cc(99)] thread ID 21028 not found in process
[1119/081804.009:ERROR:process_reader_win.cc(123)] NtOpenThread: {Access Denied} A process has requested access to an object, but has not been granted those access rights. (0xc0000022)
[1119/081804.009:ERROR:exception_snapshot_win.cc(99)] thread ID 7444 not found in process
[1119/081945.190:ERROR:process_reader_win.cc(123)] NtOpenThread: {Access Denied} A process has requested access to an object, but has not been granted those access rights. (0xc0000022)
[1119/081945.190:ERROR:exception_snapshot_win.cc(99)] thread ID 1152 not found in process
[1119/081945.219:ERROR:process_reader_win.cc(123)] NtOpenThread: {Access Denied} A process has requested access to an object, but has not been granted those access rights. (0xc0000022)
[1119/081945.219:ERROR:exception_snapshot_win.cc(99)] thread ID 21932 not found in process
[1119/082844.628:ERROR:process_reader_win.cc(123)] NtOpenThread: {Access Denied} A process has requested access to an object, but has not been granted those access rights. (0xc0000022)
[1119/082844.629:ERROR:exception_snapshot_win.cc(99)] thread ID 14528 not found in process
[1119/082844.644:ERROR:process_reader_win.cc(123)] NtOpenThread: {Access Denied} A process has requested access to an object, but has not been granted those access rights. (0xc0000022)
[1119/082844.644:ERROR:exception_snapshot_win.cc(99)] thread ID 20508 not found in process
[1119/084148.511:ERROR:process_reader_win.cc(123)] NtOpenThread: {Access Denied} A process has requested access to an object, but has not been granted those access rights. (0xc0000022)
[1119/084148.512:ERROR:exception_snapshot_win.cc(99)] thread ID 15792 not found in process
[1119/084148.531:ERROR:process_reader_win.cc(123)] NtOpenThread: {Access Denied} A process has requested access to an object, but has not been granted those access rights. (0xc0000022)
[1119/084148.532:ERROR:exception_snapshot_win.cc(99)] thread ID 5024 not found in process
[1119/084919.763:ERROR:process_reader_win.cc(123)] NtOpenThread: {Access Denied} A process has requested access to an object, but has not been granted those access rights. (0xc0000022)
[1119/084919.764:ERROR:exception_snapshot_win.cc(99)] thread ID 14332 not found in process
[1119/084919.779:ERROR:process_reader_win.cc(123)] NtOpenThread: {Access Denied} A process has requested access to an object, but has not been granted those access rights. (0xc0000022)
[1119/084919.779:ERROR:exception_snapshot_win.cc(99)] thread ID 14528 not found in process
[1119/085806.648:ERROR:process_reader_win.cc(123)] NtOpenThread: {Access Denied} A process has requested access to an object, but has not been granted those access rights. (0xc0000022)
[1119/085806.649:ERROR:exception_snapshot_win.cc(99)] thread ID 7160 not found in process
[1119/085806.680:ERROR:process_reader_win.cc(123)] NtOpenThread: {Access Denied} A process has requested access to an object, but has not been granted those access rights. (0xc0000022)
[1119/085806.680:ERROR:exception_snapshot_win.cc(99)] thread ID 17300 not found in process
[1119/090112.971:ERROR:process_reader_win.cc(123)] NtOpenThread: {Access Denied} A process has requested access to an object, but has not been granted those access rights. (0xc0000022)
[1119/090112.972:ERROR:exception_snapshot_win.cc(99)] thread ID 5172 not found in process
[1119/090112.988:ERROR:process_reader_win.cc(123)] NtOpenThread: {Access Denied} A process has requested access to an object, but has not been granted those access rights. (0xc0000022)
[1119/090112.988:ERROR:exception_snapshot_win.cc(99)] thread ID 19640 not found in process
[1119/094236.716:ERROR:process_reader_win.cc(123)] NtOpenThread: {Access Denied} A process has requested access to an object, but has not been granted those access rights. (0xc0000022)
[1119/094236.716:ERROR:exception_snapshot_win.cc(99)] thread ID 15032 not found in process
[1119/094236.741:ERROR:process_reader_win.cc(123)] NtOpenThread: {Access Denied} A process has requested access to an object, but has not been granted those access rights. (0xc0000022)
[1119/094236.742:ERROR:exception_snapshot_win.cc(99)] thread ID 3360 not found in process
[1119/094550.672:ERROR:process_reader_win.cc(123)] NtOpenThread: {Access Denied} A process has requested access to an object, but has not been granted those access rights. (0xc0000022)
[1119/094550.672:ERROR:exception_snapshot_win.cc(99)] thread ID 23148 not found in process
[1119/094550.700:ERROR:process_reader_win.cc(123)] NtOpenThread: {Access Denied} A process has requested access to an object, but has not been granted those access rights. (0xc0000022)
[1119/094550.700:ERROR:exception_snapshot_win.cc(99)] thread ID 18620 not found in process
[1123/012208.984:ERROR:directory_reader_win.cc(43)] FindFirstFile: The system cannot find the path specified. (0x3)
[1123/012546.581:ERROR:process_reader_win.cc(123)] NtOpenThread: {Access Denied} A process has requested access to an object, but has not been granted those access rights. (0xc0000022)
[1123/012546.582:ERROR:exception_snapshot_win.cc(99)] thread ID 16036 not found in process
[1123/012546.581:ERROR:process_reader_win.cc(123)] NtOpenThread: {Access Denied} A process has requested access to an object, but has not been granted those access rights. (0xc0000022)
[1123/012546.582:ERROR:exception_snapshot_win.cc(99)] thread ID 1596 not found in process
[1123/012546.600:ERROR:process_reader_win.cc(123)] NtOpenThread: {Access Denied} A process has requested access to an object, but has not been granted those access rights. (0xc0000022)
[1123/012546.600:ERROR:exception_snapshot_win.cc(99)] thread ID 11244 not found in process
[1123/012546.605:ERROR:process_reader_win.cc(123)] NtOpenThread: {Access Denied} A process has requested access to an object, but has not been granted those access rights. (0xc0000022)
[1123/012546.605:ERROR:exception_snapshot_win.cc(99)] thread ID 4100 not found in process
[1123/013432.079:ERROR:process_reader_win.cc(123)] NtOpenThread: {Access Denied} A process has requested access to an object, but has not been granted those access rights. (0xc0000022)
[1123/013432.080:ERROR:exception_snapshot_win.cc(99)] thread ID 7760 not found in process
[1123/013432.105:ERROR:process_reader_win.cc(123)] NtOpenThread: {Access Denied} A process has requested access to an object, but has not been granted those access rights. (0xc0000022)
[1123/013432.105:ERROR:exception_snapshot_win.cc(99)] thread ID 15460 not found in process
[1123/061142.269:ERROR:process_reader_win.cc(123)] NtOpenThread: {Access Denied} A process has requested access to an object, but has not been granted those access rights. (0xc0000022)
[1123/061142.275:ERROR:exception_snapshot_win.cc(99)] thread ID 15608 not found in process
[1123/061142.295:ERROR:process_reader_win.cc(123)] NtOpenThread: {Access Denied} A process has requested access to an object, but has not been granted those access rights. (0xc0000022)
[1123/061142.295:ERROR:exception_snapshot_win.cc(99)] thread ID 15820 not found in process
[1123/062632.337:ERROR:process_reader_win.cc(123)] NtOpenThread: {Access Denied} A process has requested access to an object, but has not been granted those access rights. (0xc0000022)
[1123/062632.338:ERROR:exception_snapshot_win.cc(99)] thread ID 15672 not found in process
[1123/062632.354:ERROR:process_reader_win.cc(123)] NtOpenThread: {Access Denied} A process has requested access to an object, but has not been granted those access rights. (0xc0000022)
[1123/062632.354:ERROR:exception_snapshot_win.cc(99)] thread ID 10976 not found in process
[1123/063302.769:ERROR:process_reader_win.cc(123)] NtOpenThread: {Access Denied} A process has requested access to an object, but has not been granted those access rights. (0xc0000022)
[1123/063302.770:ERROR:exception_snapshot_win.cc(99)] thread ID 10596 not found in process
[1123/063302.790:ERROR:process_reader_win.cc(123)] NtOpenThread: {Access Denied} A process has requested access to an object, but has not been granted those access rights. (0xc0000022)
[1123/063302.790:ERROR:exception_snapshot_win.cc(99)] thread ID 11008 not found in process
[1123/064319.909:ERROR:process_reader_win.cc(123)] NtOpenThread: {Access Denied} A process has requested access to an object, but has not been granted those access rights. (0xc0000022)
[1123/064319.910:ERROR:exception_snapshot_win.cc(99)] thread ID 1312 not found in process
[1123/064319.923:ERROR:process_reader_win.cc(123)] NtOpenThread: {Access Denied} A process has requested access to an object, but has not been granted those access rights. (0xc0000022)
[1123/064319.923:ERROR:exception_snapshot_win.cc(99)] thread ID 10596 not found in process
[1123/064738.659:ERROR:process_reader_win.cc(123)] NtOpenThread: {Access Denied} A process has requested access to an object, but has not been granted those access rights. (0xc0000022)
[1123/064738.660:ERROR:exception_snapshot_win.cc(99)] thread ID 8704 not found in process
[1123/064738.676:ERROR:process_reader_win.cc(123)] NtOpenThread: {Access Denied} A process has requested access to an object, but has not been granted those access rights. (0xc0000022)
[1123/064738.676:ERROR:exception_snapshot_win.cc(99)] thread ID 7364 not found in process
[1123/065940.595:ERROR:process_reader_win.cc(123)] NtOpenThread: {Access Denied} A process has requested access to an object, but has not been granted those access rights. (0xc0000022)
[1123/065940.597:ERROR:exception_snapshot_win.cc(99)] thread ID 18772 not found in process
[1123/065940.615:ERROR:process_reader_win.cc(123)] NtOpenThread: {Access Denied} A process has requested access to an object, but has not been granted those access rights. (0xc0000022)
[1123/065940.615:ERROR:exception_snapshot_win.cc(99)] thread ID 9516 not found in process
[1123/070054.956:ERROR:process_reader_win.cc(151)] SuspendThread: Access is denied. (0x5)
[1123/070054.957:ERROR:process_reader_win.cc(151)] SuspendThread: Access is denied. (0x5)
[1123/070054.957:ERROR:process_reader_win.cc(123)] NtOpenThread: {Access Denied} A process has requested access to an object, but has not been granted those access rights. (0xc0000022)
[1123/070054.957:ERROR:exception_snapshot_win.cc(99)] thread ID 2592 not found in process
[1123/070054.974:ERROR:process_reader_win.cc(151)] SuspendThread: Access is denied. (0x5)
[1123/070054.975:ERROR:process_reader_win.cc(151)] SuspendThread: Access is denied. (0x5)
[1123/070054.975:ERROR:process_reader_win.cc(151)] SuspendThread: Access is denied. (0x5)
[1123/070054.975:ERROR:process_reader_win.cc(151)] SuspendThread: Access is denied. (0x5)
[1123/070054.975:ERROR:process_reader_win.cc(123)] NtOpenThread: {Access Denied} A process has requested access to an object, but has not been granted those access rights. (0xc0000022)
[1123/070054.975:ERROR:exception_snapshot_win.cc(99)] thread ID 18156 not found in process
[1123/070320.231:ERROR:process_reader_win.cc(123)] NtOpenThread: {Access Denied} A process has requested access to an object, but has not been granted those access rights. (0xc0000022)
[1123/070320.232:ERROR:exception_snapshot_win.cc(99)] thread ID 7948 not found in process
[1123/070320.250:ERROR:process_reader_win.cc(123)] NtOpenThread: {Access Denied} A process has requested access to an object, but has not been granted those access rights. (0xc0000022)
[1123/070320.250:ERROR:exception_snapshot_win.cc(99)] thread ID 9732 not found in process
[1123/072511.250:ERROR:process_reader_win.cc(123)] NtOpenThread: {Access Denied} A process has requested access to an object, but has not been granted those access rights. (0xc0000022)
[1123/072511.251:ERROR:exception_snapshot_win.cc(99)] thread ID 18148 not found in process
[1123/072511.263:ERROR:process_reader_win.cc(123)] NtOpenThread: {Access Denied} A process has requested access to an object, but has not been granted those access rights. (0xc0000022)
[1123/072511.263:ERROR:exception_snapshot_win.cc(99)] thread ID 6420 not found in process
[1123/073941.127:ERROR:process_reader_win.cc(123)] NtOpenThread: {Access Denied} A process has requested access to an object, but has not been granted those access rights. (0xc0000022)
[1123/073941.128:ERROR:exception_snapshot_win.cc(99)] thread ID 5308 not found in process
